<?xml version="1.0" encoding="UTF-8"?>
<testng-results skipped="0" failed="0" total="2" passed="2">
  <reporter-output>
  </reporter-output>
  <suite name="Default suite" duration-ms="28382" started-at="2018-08-06T17:23:17Z" finished-at="2018-08-06T17:23:45Z">
    <groups>
    </groups>
    <test name="Default test" duration-ms="28382" started-at="2018-08-06T17:23:17Z" finished-at="2018-08-06T17:23:45Z">
      <class name="jirazephyrpaxk.jira2">
        <test-method status="PASS" signature="zephyrtestingtwo()[pri:0, instance:jirazephyrpaxk.jira2@68c4039c]" name="zephyrtestingtwo" duration-ms="16143" started-at="2018-08-06T22:53:17Z" finished-at="2018-08-06T22:53:33Z">
          <reporter-output>
          </reporter-output>
        </test-method> <!-- zephyrtestingtwo -->
      </class> <!-- jirazephyrpaxk.jira2 -->
      <class name="jirazephyrpaxk.jira">
        <test-method status="PASS" signature="zephyrtesting()[pri:0, instance:jirazephyrpaxk.jira@27efef64]" name="zephyrtesting" duration-ms="12211" started-at="2018-08-06T22:53:33Z" finished-at="2018-08-06T22:53:45Z">
          <reporter-output>
          </reporter-output>
        </test-method> <!-- zephyrtesting -->
      </class> <!-- jirazephyrpaxk.jira -->
    </test> <!-- Default test -->
  </suite> <!-- Default suite -->
</testng-results>
